C:\Files\qt\matrix\matrix\Debug\matrix.ilk
C:\FILES\QT\MATRIX\MATRIX\MATRIX\DEBUG\.NETFRAMEWORK,VERSION=V4.0.ASSEMBLYATTRIBUTES.OBJ
C:\FILES\QT\MATRIX\MATRIX\MATRIX\DEBUG\APP.RES
C:\FILES\QT\MATRIX\MATRIX\MATRIX\DEBUG\ASSEMBLYINFO.OBJ
C:\Files\qt\matrix\matrix\matrix\Debug\cl.command.1.tlog
C:\Files\qt\matrix\matrix\matrix\Debug\CL.read.1.tlog
C:\Files\qt\matrix\matrix\matrix\Debug\CL.write.1.tlog
C:\Files\qt\matrix\matrix\matrix\Debug\link.2404.read.1.tlog
C:\Files\qt\matrix\matrix\matrix\Debug\link.2404.write.1.tlog
C:\Files\qt\matrix\matrix\matrix\Debug\link.2416.read.1.tlog
C:\Files\qt\matrix\matrix\matrix\Debug\link.2416.write.1.tlog
C:\Files\qt\matrix\matrix\matrix\Debug\link.4720.read.1.tlog
C:\Files\qt\matrix\matrix\matrix\Debug\link.4720.write.1.tlog
C:\Files\qt\matrix\matrix\matrix\Debug\link.5116.read.1.tlog
C:\Files\qt\matrix\matrix\matrix\Debug\link.5116.write.1.tlog
C:\Files\qt\matrix\matrix\matrix\Debug\link.command.1.tlog
C:\Files\qt\matrix\matrix\matrix\Debug\link.read.1.tlog
C:\Files\qt\matrix\matrix\matrix\Debug\link.write.1.tlog
C:\Files\qt\matrix\matrix\matrix\Debug\matrix.Form1.resources
C:\FILES\QT\MATRIX\MATRIX\MATRIX\DEBUG\MATRIX.OBJ
C:\FILES\QT\MATRIX\MATRIX\MATRIX\DEBUG\MATRIX.PCH
C:\Files\qt\matrix\matrix\matrix\Debug\matrix.vcxproj.GenerateResource.Cache
C:\Files\qt\matrix\matrix\matrix\Debug\matrix.vcxprojResolveAssemblyReference.cache
C:\Files\qt\matrix\matrix\matrix\Debug\matrix.write.1.tlog
C:\Files\qt\matrix\matrix\matrix\Debug\rc.command.1.tlog
C:\Files\qt\matrix\matrix\matrix\Debug\rc.read.1.tlog
C:\Files\qt\matrix\matrix\matrix\Debug\rc.write.1.tlog
C:\FILES\QT\MATRIX\MATRIX\MATRIX\DEBUG\STDAFX.OBJ
C:\FILES\QT\MATRIX\MATRIX\MATRIX\DEBUG\VC100.PDB
